NuevoAmanecer2/app/build/intermediates/manifest_merge_blame_file/debug/manifest-merger-blame-debug-report.txt
1<?xml version="1.0" encoding="utf-8"?>
2<manifest xmlns:android="http://schemas.android.com/apk/res/android"
3    package="com.nuevo.nuevoamanecer"
4    android:versionCode="1"
5    android:versionName="1.0" >
6
7    <uses-sdk
8        android:minSdkVersion="28"
9        android:targetSdkVersion="34" />
10
11    <uses-permission android:name="android.permission.INTERNET" />
11-->src\main\AndroidManifest.xml:5:5-67
11-->src\main\AndroidManifest.xml:5:22-64
12    <uses-permission android:name="android.permission.ACCESS_NETWORK_STATE" />
12-->src\main\AndroidManifest.xml:6:5-79
12-->src\main\AndroidManifest.xml:6:22-76
13    <uses-permission android:name="android.permission.WAKE_LOCK" />
13-->[com.google.android.gms:play-services-measurement-api:20.1.2] AndroidManifest.xml:24:5-68
13-->[com.google.android.gms:play-services-measurement-api:20.1.2] AndroidManifest.xml:24:22-65
14    <uses-permission android:name="com.google.android.gms.permission.AD_ID" />
14-->[com.google.android.gms:play-services-measurement-api:20.1.2] AndroidManifest.xml:25:5-79
14-->[com.google.android.gms:play-services-measurement-api:20.1.2] AndroidManifest.xml:25:22-76
15    <uses-permission android:name="com.google.android.finsky.permission.BIND_GET_INSTALL_REFERRER_SERVICE" />
15-->[com.google.android.gms:play-services-measurement:20.1.2] AndroidManifest.xml:26:5-110
15-->[com.google.android.gms:play-services-measurement:20.1.2] AndroidManifest.xml:26:22-107
16
17    <permission
17-->[androidx.core:core:1.9.0] AndroidManifest.xml:22:5-24:47
18        android:name="com.nuevo.nuevoamanecer.DYNAMIC_RECEIVER_NOT_EXPORTED_PERMISSION"
18-->[androidx.core:core:1.9.0] AndroidManifest.xml:23:9-81
19        android:protectionLevel="signature" />
19-->[androidx.core:core:1.9.0] AndroidManifest.xml:24:9-44
20
21    <uses-permission android:name="com.nuevo.nuevoamanecer.DYNAMIC_RECEIVER_NOT_EXPORTED_PERMISSION" />
21-->[androidx.core:core:1.9.0] AndroidManifest.xml:26:5-97
21-->[androidx.core:core:1.9.0] AndroidManifest.xml:26:22-94
22
23    <application
23-->src\main\AndroidManifest.xml:8:5-95:19
24        android:allowBackup="true"
24-->src\main\AndroidManifest.xml:9:9-35
25        android:appComponentFactory="androidx.core.app.CoreComponentFactory"
25-->[androidx.core:core:1.9.0] AndroidManifest.xml:28:18-86
26        android:dataExtractionRules="@xml/data_extraction_rules"
26-->src\main\AndroidManifest.xml:10:9-65
27        android:debuggable="true"
28        android:extractNativeLibs="false"
29        android:fullBackupContent="@xml/backup_rules"
29-->src\main\AndroidManifest.xml:11:9-54
30        android:icon="@mipmap/ic_launcher"
30-->src\main\AndroidManifest.xml:12:9-43
31        android:label="@string/app_name"
31-->src\main\AndroidManifest.xml:13:9-41
32        android:networkSecurityConfig="@xml/network_security_config"
32-->src\main\AndroidManifest.xml:14:9-69
33        android:roundIcon="@mipmap/ic_launcher_round"
33-->src\main\AndroidManifest.xml:15:9-54
34        android:supportsRtl="true"
34-->src\main\AndroidManifest.xml:16:9-35
35        android:theme="@style/Theme.NuevoAmanecer" >
35-->src\main\AndroidManifest.xml:17:9-51
36        <activity
36-->src\main\AndroidManifest.xml:19:9-21:40
37            android:name="com.nuevo.nuevoamanecer.PersonalizacionFamilia"
37-->src\main\AndroidManifest.xml:20:13-51
38            android:exported="false" />
38-->src\main\AndroidManifest.xml:21:13-37
39        <activity
39-->src\main\AndroidManifest.xml:22:9-24:40
40            android:name="com.nuevo.nuevoamanecer.Communicador8"
40-->src\main\AndroidManifest.xml:23:13-42
41            android:exported="false" />
41-->src\main\AndroidManifest.xml:24:13-37
42        <activity
42-->src\main\AndroidManifest.xml:25:9-27:40
43            android:name="com.nuevo.nuevoamanecer.CaraDePapa"
43-->src\main\AndroidManifest.xml:26:13-39
44            android:exported="false" />
44-->src\main\AndroidManifest.xml:27:13-37
45        <activity
45-->src\main\AndroidManifest.xml:28:9-30:40
46            android:name="com.nuevo.nuevoamanecer.ActivityGame5"
46-->src\main\AndroidManifest.xml:29:13-42
47            android:exported="false" />
47-->src\main\AndroidManifest.xml:30:13-37
48        <activity
48-->src\main\AndroidManifest.xml:31:9-33:40
49            android:name="com.nuevo.nuevoamanecer.ActivityGame4"
49-->src\main\AndroidManifest.xml:32:13-42
50            android:exported="false" /> <!-- There should only be one MAIN and LAUNCHER intent filter across all activities -->
50-->src\main\AndroidManifest.xml:33:13-37
51        <activity
51-->src\main\AndroidManifest.xml:34:9-43:20
52            android:name="com.nuevo.nuevoamanecer.SplashActivity"
52-->src\main\AndroidManifest.xml:35:13-43
53            android:exported="true"
53-->src\main\AndroidManifest.xml:36:13-36
54            android:theme="@style/SplashScreen" >
54-->src\main\AndroidManifest.xml:37:13-48
55            <intent-filter>
55-->src\main\AndroidManifest.xml:38:13-42:29
56                <action android:name="android.intent.action.MAIN" />
56-->src\main\AndroidManifest.xml:39:17-69
56-->src\main\AndroidManifest.xml:39:25-66
57
58                <category android:name="android.intent.category.LAUNCHER" />
58-->src\main\AndroidManifest.xml:41:17-77
58-->src\main\AndroidManifest.xml:41:27-74
59            </intent-filter>
60        </activity> <!-- Only one declaration for each activity -->
61        <activity
61-->src\main\AndroidManifest.xml:44:9-46:39
62            android:name="com.nuevo.nuevoamanecer.MainActivity2"
62-->src\main\AndroidManifest.xml:45:13-42
63            android:exported="true" />
63-->src\main\AndroidManifest.xml:46:13-36
64        <activity
64-->src\main\AndroidManifest.xml:47:9-49:39
65            android:name="com.nuevo.nuevoamanecer.MainActivity"
65-->src\main\AndroidManifest.xml:48:13-41
66            android:exported="true" />
66-->src\main\AndroidManifest.xml:49:13-36
67        <activity
67-->src\main\AndroidManifest.xml:50:9-52:39
68            android:name="com.nuevo.nuevoamanecer.DragDropActivity"
68-->src\main\AndroidManifest.xml:51:13-45
69            android:exported="true" />
69-->src\main\AndroidManifest.xml:52:13-36
70        <activity
70-->src\main\AndroidManifest.xml:53:9-55:39
71            android:name="com.nuevo.nuevoamanecer.PersonalizacionAlumno"
71-->src\main\AndroidManifest.xml:54:13-50
72            android:exported="true" /> <!-- These activities should either be set as exported=true or have an intent-filter -->
72-->src\main\AndroidManifest.xml:55:13-36
73        <activity
73-->src\main\AndroidManifest.xml:56:9-58:39
74            android:name="com.nuevo.nuevoamanecer.Juego1Personalizacion"
74-->src\main\AndroidManifest.xml:57:13-50
75            android:exported="true" />
75-->src\main\AndroidManifest.xml:58:13-36
76        <activity
76-->src\main\AndroidManifest.xml:59:9-61:39
77            android:name="com.nuevo.nuevoamanecer.PersonalizacionSelec"
77-->src\main\AndroidManifest.xml:60:13-49
78            android:exported="true" />
78-->src\main\AndroidManifest.xml:61:13-36
79        <activity
79-->src\main\AndroidManifest.xml:62:9-64:39
80            android:name="com.nuevo.nuevoamanecer.ActivityLogin"
80-->src\main\AndroidManifest.xml:63:13-42
81            android:exported="true" />
81-->src\main\AndroidManifest.xml:64:13-36
82        <activity
82-->src\main\AndroidManifest.xml:65:9-67:39
83            android:name="com.nuevo.nuevoamanecer.ActivityGame3"
83-->src\main\AndroidManifest.xml:66:13-42
84            android:exported="true" />
84-->src\main\AndroidManifest.xml:67:13-36
85        <activity
85-->src\main\AndroidManifest.xml:68:9-70:39
86            android:name="com.nuevo.nuevoamanecer.ActivityGame2"
86-->src\main\AndroidManifest.xml:69:13-42
87            android:exported="true" />
87-->src\main\AndroidManifest.xml:70:13-36
88        <activity
88-->src\main\AndroidManifest.xml:71:9-73:39
89            android:name="com.nuevo.nuevoamanecer.ActivityGame1"
89-->src\main\AndroidManifest.xml:72:13-42
90            android:exported="true" />
90-->src\main\AndroidManifest.xml:73:13-36
91        <activity
91-->src\main\AndroidManifest.xml:74:9-76:39
92            android:name="com.nuevo.nuevoamanecer.Communicador1"
92-->src\main\AndroidManifest.xml:75:13-42
93            android:exported="true" />
93-->src\main\AndroidManifest.xml:76:13-36
94        <activity
94-->src\main\AndroidManifest.xml:77:9-79:39
95            android:name="com.nuevo.nuevoamanecer.Communicador2"
95-->src\main\AndroidManifest.xml:78:13-42
96            android:exported="true" />
96-->src\main\AndroidManifest.xml:79:13-36
97        <activity
97-->src\main\AndroidManifest.xml:80:9-82:39
98            android:name="com.nuevo.nuevoamanecer.Communicador3"
98-->src\main\AndroidManifest.xml:81:13-42
99            android:exported="true" />
99-->src\main\AndroidManifest.xml:82:13-36
100        <activity
100-->src\main\AndroidManifest.xml:83:9-85:39
101            android:name="com.nuevo.nuevoamanecer.Communicador4"
101-->src\main\AndroidManifest.xml:84:13-42
102            android:exported="true" />
102-->src\main\AndroidManifest.xml:85:13-36
103        <activity
103-->src\main\AndroidManifest.xml:86:9-88:39
104            android:name="com.nuevo.nuevoamanecer.Communicador5"
104-->src\main\AndroidManifest.xml:87:13-42
105            android:exported="true" />
105-->src\main\AndroidManifest.xml:88:13-36
106        <activity
106-->src\main\AndroidManifest.xml:89:9-91:39
107            android:name="com.nuevo.nuevoamanecer.Communicador6"
107-->src\main\AndroidManifest.xml:90:13-42
108            android:exported="true" />
108-->src\main\AndroidManifest.xml:91:13-36
109        <activity
109-->src\main\AndroidManifest.xml:92:9-94:39
110            android:name="com.nuevo.nuevoamanecer.Communicador7"
110-->src\main\AndroidManifest.xml:93:13-42
111            android:exported="true" />
111-->src\main\AndroidManifest.xml:94:13-36
112
113        <service
113-->[com.google.firebase:firebase-analytics-ktx:20.1.2] AndroidManifest.xml:8:9-14:19
114            android:name="com.google.firebase.components.ComponentDiscoveryService"
114-->[com.google.firebase:firebase-analytics-ktx:20.1.2] AndroidManifest.xml:9:13-84
115            android:directBootAware="true"
115-->[com.google.firebase:firebase-common:20.0.0] AndroidManifest.xml:35:13-43
116            android:exported="false" >
116-->[com.google.firebase:firebase-analytics-ktx:20.1.2] AndroidManifest.xml:10:13-37
117            <meta-data
117-->[com.google.firebase:firebase-analytics-ktx:20.1.2] AndroidManifest.xml:11:13-13:85
118                android:name="com.google.firebase.components:com.google.firebase.analytics.ktx.FirebaseAnalyticsKtxRegistrar"
118-->[com.google.firebase:firebase-analytics-ktx:20.1.2] AndroidManifest.xml:12:17-126
119                android:value="com.google.firebase.components.ComponentRegistrar" />
119-->[com.google.firebase:firebase-analytics-ktx:20.1.2] AndroidManifest.xml:13:17-82
120            <meta-data
120-->[com.google.firebase:firebase-database-ktx:20.0.3] AndroidManifest.xml:15:13-17:85
121                android:name="com.google.firebase.components:com.google.firebase.database.ktx.FirebaseDatabaseKtxRegistrar"
121-->[com.google.firebase:firebase-database-ktx:20.0.3] AndroidManifest.xml:16:17-124
122                android:value="com.google.firebase.components.ComponentRegistrar" />
122-->[com.google.firebase:firebase-database-ktx:20.0.3] AndroidManifest.xml:17:17-82
123            <meta-data
123-->[com.google.firebase:firebase-storage-ktx:20.0.0] AndroidManifest.xml:15:13-17:85
124                android:name="com.google.firebase.components:com.google.firebase.storage.ktx.FirebaseStorageKtxRegistrar"
124-->[com.google.firebase:firebase-storage-ktx:20.0.0] AndroidManifest.xml:16:17-122
125                android:value="com.google.firebase.components.ComponentRegistrar" />
125-->[com.google.firebase:firebase-storage-ktx:20.0.0] AndroidManifest.xml:17:17-82
126            <meta-data
126-->[com.google.firebase:firebase-common-ktx:20.0.0] AndroidManifest.xml:15:13-17:85
127                android:name="com.google.firebase.components:com.google.firebase.ktx.FirebaseCommonKtxRegistrar"
127-->[com.google.firebase:firebase-common-ktx:20.0.0] AndroidManifest.xml:16:17-113
128                android:value="com.google.firebase.components.ComponentRegistrar" />
128-->[com.google.firebase:firebase-common-ktx:20.0.0] AndroidManifest.xml:17:17-82
129            <meta-data
129-->[com.google.firebase:firebase-database:20.0.3] AndroidManifest.xml:32:13-34:85
130                android:name="com.google.firebase.components:com.google.firebase.database.DatabaseRegistrar"
130-->[com.google.firebase:firebase-database:20.0.3] AndroidManifest.xml:33:17-109
131                android:value="com.google.firebase.components.ComponentRegistrar" />
131-->[com.google.firebase:firebase-database:20.0.3] AndroidManifest.xml:34:17-82
132            <meta-data
132-->[com.google.firebase:firebase-storage:20.0.0] AndroidManifest.xml:33:13-35:85
133                android:name="com.google.firebase.components:com.google.firebase.storage.StorageRegistrar"
133-->[com.google.firebase:firebase-storage:20.0.0] AndroidManifest.xml:34:17-107
134                android:value="com.google.firebase.components.ComponentRegistrar" />
134-->[com.google.firebase:firebase-storage:20.0.0] AndroidManifest.xml:35:17-82
135            <meta-data
135-->[com.google.android.gms:play-services-measurement-api:20.1.2] AndroidManifest.xml:31:13-33:85
136                android:name="com.google.firebase.components:com.google.firebase.analytics.connector.internal.AnalyticsConnectorRegistrar"
136-->[com.google.android.gms:play-services-measurement-api:20.1.2] AndroidManifest.xml:32:17-139
137                android:value="com.google.firebase.components.ComponentRegistrar" />
137-->[com.google.android.gms:play-services-measurement-api:20.1.2] AndroidManifest.xml:33:17-82
138            <meta-data
138-->[com.google.firebase:firebase-installations:17.0.0] AndroidManifest.xml:18:13-20:85
139                android:name="com.google.firebase.components:com.google.firebase.installations.FirebaseInstallationsRegistrar"
139-->[com.google.firebase:firebase-installations:17.0.0] AndroidManifest.xml:19:17-127
140                android:value="com.google.firebase.components.ComponentRegistrar" />
140-->[com.google.firebase:firebase-installations:17.0.0] AndroidManifest.xml:20:17-82
141        </service>
142
143        <provider
143-->[com.google.firebase:firebase-common:20.0.0] AndroidManifest.xml:26:9-31:39
144            android:name="com.google.firebase.provider.FirebaseInitProvider"
144-->[com.google.firebase:firebase-common:20.0.0] AndroidManifest.xml:27:13-77
145            android:authorities="com.nuevo.nuevoamanecer.firebaseinitprovider"
145-->[com.google.firebase:firebase-common:20.0.0] AndroidManifest.xml:28:13-72
146            android:directBootAware="true"
146-->[com.google.firebase:firebase-common:20.0.0] AndroidManifest.xml:29:13-43
147            android:exported="false"
147-->[com.google.firebase:firebase-common:20.0.0] AndroidManifest.xml:30:13-37
148            android:initOrder="100" />
148-->[com.google.firebase:firebase-common:20.0.0] AndroidManifest.xml:31:13-36
149
150        <receiver
150-->[com.google.android.gms:play-services-measurement:20.1.2] AndroidManifest.xml:29:9-33:20
151            android:name="com.google.android.gms.measurement.AppMeasurementReceiver"
151-->[com.google.android.gms:play-services-measurement:20.1.2] AndroidManifest.xml:30:13-85
152            android:enabled="true"
152-->[com.google.android.gms:play-services-measurement:20.1.2] AndroidManifest.xml:31:13-35
153            android:exported="false" >
153-->[com.google.android.gms:play-services-measurement:20.1.2] AndroidManifest.xml:32:13-37
154        </receiver>
155
156        <service
156-->[com.google.android.gms:play-services-measurement:20.1.2] AndroidManifest.xml:35:9-38:40
157            android:name="com.google.android.gms.measurement.AppMeasurementService"
157-->[com.google.android.gms:play-services-measurement:20.1.2] AndroidManifest.xml:36:13-84
158            android:enabled="true"
158-->[com.google.android.gms:play-services-measurement:20.1.2] AndroidManifest.xml:37:13-35
159            android:exported="false" />
159-->[com.google.android.gms:play-services-measurement:20.1.2] AndroidManifest.xml:38:13-37
160        <service
160-->[com.google.android.gms:play-services-measurement:20.1.2] AndroidManifest.xml:39:9-43:72
161            android:name="com.google.android.gms.measurement.AppMeasurementJobService"
161-->[com.google.android.gms:play-services-measurement:20.1.2] AndroidManifest.xml:40:13-87
162            android:enabled="true"
162-->[com.google.android.gms:play-services-measurement:20.1.2] AndroidManifest.xml:41:13-35
163            android:exported="false"
163-->[com.google.android.gms:play-services-measurement:20.1.2] AndroidManifest.xml:42:13-37
164            android:permission="android.permission.BIND_JOB_SERVICE" />
164-->[com.google.android.gms:play-services-measurement:20.1.2] AndroidManifest.xml:43:13-69
165
166        <activity
166-->[com.google.android.gms:play-services-base:17.1.0] AndroidManifest.xml:23:9-26:75
167            android:name="com.google.android.gms.common.api.GoogleApiActivity"
167-->[com.google.android.gms:play-services-base:17.1.0] AndroidManifest.xml:24:13-79
168            android:exported="false"
168-->[com.google.android.gms:play-services-base:17.1.0] AndroidManifest.xml:25:13-37
169            android:theme="@android:style/Theme.Translucent.NoTitleBar" />
169-->[com.google.android.gms:play-services-base:17.1.0] AndroidManifest.xml:26:13-72
170
171        <meta-data
171-->[com.google.android.gms:play-services-basement:18.0.0] AndroidManifest.xml:21:9-23:69
172            android:name="com.google.android.gms.version"
172-->[com.google.android.gms:play-services-basement:18.0.0] AndroidManifest.xml:22:13-58
173            android:value="@integer/google_play_services_version" />
173-->[com.google.android.gms:play-services-basement:18.0.0] AndroidManifest.xml:23:13-66
174
175        <provider
175-->[androidx.emoji2:emoji2:1.2.0] AndroidManifest.xml:24:9-32:20
176            android:name="androidx.startup.InitializationProvider"
176-->[androidx.emoji2:emoji2:1.2.0] AndroidManifest.xml:25:13-67
177            android:authorities="com.nuevo.nuevoamanecer.androidx-startup"
177-->[androidx.emoji2:emoji2:1.2.0] AndroidManifest.xml:26:13-68
178            android:exported="false" >
178-->[androidx.emoji2:emoji2:1.2.0] AndroidManifest.xml:27:13-37
179            <meta-data
179-->[androidx.emoji2:emoji2:1.2.0] AndroidManifest.xml:29:13-31:52
180                android:name="androidx.emoji2.text.EmojiCompatInitializer"
180-->[androidx.emoji2:emoji2:1.2.0] AndroidManifest.xml:30:17-75
181                android:value="androidx.startup" />
181-->[androidx.emoji2:emoji2:1.2.0] AndroidManifest.xml:31:17-49
182            <meta-data
182-->[androidx.lifecycle:lifecycle-process:2.6.1] AndroidManifest.xml:29:13-31:52
183                android:name="androidx.lifecycle.ProcessLifecycleInitializer"
183-->[androidx.lifecycle:lifecycle-process:2.6.1] AndroidManifest.xml:30:17-78
184                android:value="androidx.startup" />
184-->[androidx.lifecycle:lifecycle-process:2.6.1] AndroidManifest.xml:31:17-49
185            <meta-data
185-->[androidx.profileinstaller:profileinstaller:1.3.0] AndroidManifest.xml:29:13-31:52
186                android:name="androidx.profileinstaller.ProfileInstallerInitializer"
186-->[androidx.profileinstaller:profileinstaller:1.3.0] AndroidManifest.xml:30:17-85
187                android:value="androidx.startup" />
187-->[androidx.profileinstaller:profileinstaller:1.3.0] AndroidManifest.xml:31:17-49
188        </provider>
189
190        <receiver
190-->[androidx.profileinstaller:profileinstaller:1.3.0] AndroidManifest.xml:34:9-52:20
191            android:name="androidx.profileinstaller.ProfileInstallReceiver"
191-->[androidx.profileinstaller:profileinstaller:1.3.0] AndroidManifest.xml:35:13-76
192            android:directBootAware="false"
192-->[androidx.profileinstaller:profileinstaller:1.3.0] AndroidManifest.xml:36:13-44
193            android:enabled="true"
193-->[androidx.profileinstaller:profileinstaller:1.3.0] AndroidManifest.xml:37:13-35
194            android:exported="true"
194-->[androidx.profileinstaller:profileinstaller:1.3.0] AndroidManifest.xml:38:13-36
195            android:permission="android.permission.DUMP" >
195-->[androidx.profileinstaller:profileinstaller:1.3.0] AndroidManifest.xml:39:13-57
196            <intent-filter>
196-->[androidx.profileinstaller:profileinstaller:1.3.0] AndroidManifest.xml:40:13-42:29
197                <action android:name="androidx.profileinstaller.action.INSTALL_PROFILE" />
197-->[androidx.profileinstaller:profileinstaller:1.3.0] AndroidManifest.xml:41:17-91
197-->[androidx.profileinstaller:profileinstaller:1.3.0] AndroidManifest.xml:41:25-88
198            </intent-filter>
199            <intent-filter>
199-->[androidx.profileinstaller:profileinstaller:1.3.0] AndroidManifest.xml:43:13-45:29
200                <action android:name="androidx.profileinstaller.action.SKIP_FILE" />
200-->[androidx.profileinstaller:profileinstaller:1.3.0] AndroidManifest.xml:44:17-85
200-->[androidx.profileinstaller:profileinstaller:1.3.0] AndroidManifest.xml:44:25-82
201            </intent-filter>
202            <intent-filter>
202-->[androidx.profileinstaller:profileinstaller:1.3.0] AndroidManifest.xml:46:13-48:29
203                <action android:name="androidx.profileinstaller.action.SAVE_PROFILE" />
203-->[androidx.profileinstaller:profileinstaller:1.3.0] AndroidManifest.xml:47:17-88
203-->[androidx.profileinstaller:profileinstaller:1.3.0] AndroidManifest.xml:47:25-85
204            </intent-filter>
205            <intent-filter>
205-->[androidx.profileinstaller:profileinstaller:1.3.0] AndroidManifest.xml:49:13-51:29
206                <action android:name="androidx.profileinstaller.action.BENCHMARK_OPERATION" />
206-->[androidx.profileinstaller:profileinstaller:1.3.0] AndroidManifest.xml:50:17-95
206-->[androidx.profileinstaller:profileinstaller:1.3.0] AndroidManifest.xml:50:25-92
207            </intent-filter>
208        </receiver>
209    </application>
210
211</manifest>